Analysis & Synthesis report for lab7_top
Fri Nov 24 14:52:16 2023
Quartus Prime Version 20.1.1 Build 720 11/11/2020 SJ Lite Edition


---------------------
; Table of Contents ;
---------------------
  1. Legal Notice
  2. Analysis & Synthesis Summary
  3. Analysis & Synthesis Settings
  4. Parallel Compilation
  5. Analysis & Synthesis Source Files Read
  6. Analysis & Synthesis Resource Usage Summary
  7. Analysis & Synthesis Resource Utilization by Entity
  8. Analysis & Synthesis RAM Summary
  9. General Register Statistics
 10. Registers Packed Into Inferred Megafunctions
 11. Multiplexer Restructuring Statistics (Restructuring Performed)
 12. Source assignments for RAM:MEM|altsyncram:mem_rtl_0|altsyncram_adr1:auto_generated
 13. Parameter Settings for User Entity Instance: cpu:CPU|datapath:DP|vDFFE:ADFF
 14. Parameter Settings for User Entity Instance: cpu:CPU|datapath:DP|vDFFE:BDFF
 15. Parameter Settings for User Entity Instance: cpu:CPU|datapath:DP|vDFFE:CDFF
 16. Parameter Settings for User Entity Instance: cpu:CPU|datapath:DP|vDFFE:statusDFF
 17. Parameter Settings for User Entity Instance: cpu:CPU|program_counter:PC_reg|vDFFE:PC_DFF
 18. Parameter Settings for User Entity Instance: cpu:CPU|data_address:data_addr_reg|vDFFE:data_addr_DFF
 19. Parameter Settings for User Entity Instance: cpu:CPU|instruction_register:instruction_reg|vDFFE:instr_reg
 20. Parameter Settings for User Entity Instance: RAM:MEM
 21. Parameter Settings for User Entity Instance: LED_controller:led_con|vDFFE:LEDR_reg
 22. Parameter Settings for Inferred Entity Instance: RAM:MEM|altsyncram:mem_rtl_0
 23. altsyncram Parameter Settings by Entity Instance
 24. Port Connectivity Checks: "LED_controller:led_con"
 25. Port Connectivity Checks: "cpu:CPU|datapath:DP"
 26. Post-Synthesis Netlist Statistics for Top Partition
 27. Elapsed Time Per Partition
 28. Analysis & Synthesis Messages



----------------
; Legal Notice ;
----------------
Copyright (C) 2020  Intel Corporation. All rights reserved.
Your use of Intel Corporation's design tools, logic functions 
and other software and tools, and any partner logic 
functions, and any output files from any of the foregoing 
(including device programming or simulation files), and any 
associated documentation or information are expressly subject 
to the terms and conditions of the Intel Program License 
Subscription Agreement, the Intel Quartus Prime License Agreement,
the Intel FPGA IP License Agreement, or other applicable license
agreement, including, without limitation, that your use is for
the sole purpose of programming logic devices manufactured by
Intel and sold by Intel or its authorized distributors.  Please
refer to the applicable agreement for further details, at
https://fpgasoftware.intel.com/eula.



+-------------------------------------------------------------------------------+
; Analysis & Synthesis Summary                                                  ;
+---------------------------------+---------------------------------------------+
; Analysis & Synthesis Status     ; Successful - Fri Nov 24 14:52:16 2023       ;
; Quartus Prime Version           ; 20.1.1 Build 720 11/11/2020 SJ Lite Edition ;
; Revision Name                   ; lab7_top                                    ;
; Top-level Entity Name           ; lab7_top                                    ;
; Family                          ; Cyclone V                                   ;
; Logic utilization (in ALMs)     ; N/A                                         ;
; Total registers                 ; 223                                         ;
; Total pins                      ; 66                                          ;
; Total virtual pins              ; 0                                           ;
; Total block memory bits         ; 4,096                                       ;
; Total DSP Blocks                ; 0                                           ;
; Total HSSI RX PCSs              ; 0                                           ;
; Total HSSI PMA RX Deserializers ; 0                                           ;
; Total HSSI TX PCSs              ; 0                                           ;
; Total HSSI PMA TX Serializers   ; 0                                           ;
; Total PLLs                      ; 0                                           ;
; Total DLLs                      ; 0                                           ;
+---------------------------------+---------------------------------------------+


+---------------------------------------------------------------------------------------------------------------------------+
; Analysis & Synthesis Settings                                                                                             ;
+---------------------------------------------------------------------------------+--------------------+--------------------+
; Option                                                                          ; Setting            ; Default Value      ;
+---------------------------------------------------------------------------------+--------------------+--------------------+
; Device                                                                          ; 5CSEMA5F31C6       ;                    ;
; Top-level entity name                                                           ; lab7_top           ; lab7_top           ;
; Family name                                                                     ; Cyclone V          ; Cyclone V          ;
; Use smart compilation                                                           ; Off                ; Off                ;
; Enable parallel Assembler and Timing Analyzer during compilation                ; On                 ; On                 ;
; Enable compact report table                                                     ; Off                ; Off                ;
; Restructure Multiplexers                                                        ; Auto               ; Auto               ;
; MLAB Add Timing Constraints For Mixed-Port Feed-Through Mode Setting Don't Care ; Off                ; Off                ;
; Create Debugging Nodes for IP Cores                                             ; Off                ; Off                ;
; Preserve fewer node names                                                       ; On                 ; On                 ;
; Intel FPGA IP Evaluation Mode                                                   ; Enable             ; Enable             ;
; Verilog Version                                                                 ; Verilog_2001       ; Verilog_2001       ;
; VHDL Version                                                                    ; VHDL_1993          ; VHDL_1993          ;
; State Machine Processing                                                        ; Auto               ; Auto               ;
; Safe State Machine                                                              ; Off                ; Off                ;
; Extract Verilog State Machines                                                  ; On                 ; On                 ;
; Extract VHDL State Machines                                                     ; On                 ; On                 ;
; Ignore Verilog initial constructs                                               ; Off                ; Off                ;
; Iteration limit for constant Verilog loops                                      ; 5000               ; 5000               ;
; Iteration limit for non-constant Verilog loops                                  ; 250                ; 250                ;
; Add Pass-Through Logic to Inferred RAMs                                         ; On                 ; On                 ;
; Infer RAMs from Raw Logic                                                       ; On                 ; On                 ;
; Parallel Synthesis                                                              ; On                 ; On                 ;
; DSP Block Balancing                                                             ; Auto               ; Auto               ;
; NOT Gate Push-Back                                                              ; On                 ; On                 ;
; Power-Up Don't Care                                                             ; On                 ; On                 ;
; Remove Redundant Logic Cells                                                    ; Off                ; Off                ;
; Remove Duplicate Registers                                                      ; On                 ; On                 ;
; Ignore CARRY Buffers                                                            ; Off                ; Off                ;
; Ignore CASCADE Buffers                                                          ; Off                ; Off                ;
; Ignore GLOBAL Buffers                                                           ; Off                ; Off                ;
; Ignore ROW GLOBAL Buffers                                                       ; Off                ; Off                ;
; Ignore LCELL Buffers                                                            ; Off                ; Off                ;
; Ignore SOFT Buffers                                                             ; On                 ; On                 ;
; Limit AHDL Integers to 32 Bits                                                  ; Off                ; Off                ;
; Optimization Technique                                                          ; Balanced           ; Balanced           ;
; Carry Chain Length                                                              ; 70                 ; 70                 ;
; Auto Carry Chains                                                               ; On                 ; On                 ;
; Auto Open-Drain Pins                                                            ; On                 ; On                 ;
; Perform WYSIWYG Primitive Resynthesis                                           ; Off                ; Off                ;
; Auto ROM Replacement                                                            ; On                 ; On                 ;
; Auto RAM Replacement                                                            ; On                 ; On                 ;
; Auto DSP Block Replacement                                                      ; On                 ; On                 ;
; Auto Shift Register Replacement                                                 ; Auto               ; Auto               ;
; Allow Shift Register Merging across Hierarchies                                 ; Auto               ; Auto               ;
; Auto Clock Enable Replacement                                                   ; On                 ; On                 ;
; Strict RAM Replacement                                                          ; Off                ; Off                ;
; Allow Synchronous Control Signals                                               ; On                 ; On                 ;
; Force Use of Synchronous Clear Signals                                          ; Off                ; Off                ;
; Auto Resource Sharing                                                           ; Off                ; Off                ;
; Allow Any RAM Size For Recognition                                              ; Off                ; Off                ;
; Allow Any ROM Size For Recognition                                              ; Off                ; Off                ;
; Allow Any Shift Register Size For Recognition                                   ; Off                ; Off                ;
; Use LogicLock Constraints during Resource Balancing                             ; On                 ; On                 ;
; Ignore translate_off and synthesis_off directives                               ; Off                ; Off                ;
; Timing-Driven Synthesis                                                         ; On                 ; On                 ;
; Report Parameter Settings                                                       ; On                 ; On                 ;
; Report Source Assignments                                                       ; On                 ; On                 ;
; Report Connectivity Checks                                                      ; On                 ; On                 ;
; Ignore Maximum Fan-Out Assignments                                              ; Off                ; Off                ;
; Synchronization Register Chain Length                                           ; 3                  ; 3                  ;
; Power Optimization During Synthesis                                             ; Normal compilation ; Normal compilation ;
; HDL message level                                                               ; Level2             ; Level2             ;
; Suppress Register Optimization Related Messages                                 ; Off                ; Off                ;
; Number of Removed Registers Reported in Synthesis Report                        ; 5000               ; 5000               ;
; Number of Swept Nodes Reported in Synthesis Report                              ; 5000               ; 5000               ;
; Number of Inverted Registers Reported in Synthesis Report                       ; 100                ; 100                ;
; Clock MUX Protection                                                            ; On                 ; On                 ;
; Auto Gated Clock Conversion                                                     ; Off                ; Off                ;
; Block Design Naming                                                             ; Auto               ; Auto               ;
; SDC constraint protection                                                       ; Off                ; Off                ;
; Synthesis Effort                                                                ; Auto               ; Auto               ;
; Shift Register Replacement - Allow Asynchronous Clear Signal                    ; On                 ; On                 ;
; Pre-Mapping Resynthesis Optimization                                            ; Off                ; Off                ;
; Analysis & Synthesis Message Level                                              ; Medium             ; Medium             ;
; Disable Register Merging Across Hierarchies                                     ; Auto               ; Auto               ;
; Resource Aware Inference For Block RAM                                          ; On                 ; On                 ;
; Automatic Parallel Synthesis                                                    ; On                 ; On                 ;
; Partial Reconfiguration Bitstream ID                                            ; Off                ; Off                ;
+---------------------------------------------------------------------------------+--------------------+--------------------+


+------------------------------------------+
; Parallel Compilation                     ;
+----------------------------+-------------+
; Processors                 ; Number      ;
+----------------------------+-------------+
; Number detected on machine ; 20          ;
; Maximum allowed            ; 14          ;
;                            ;             ;
; Average used               ; 1.00        ;
; Maximum used               ; 14          ;
;                            ;             ;
; Usage by Processor         ; % Time Used ;
;     Processor 1            ; 100.0%      ;
;     Processors 2-14        ;   0.0%      ;
+----------------------------+-------------+


+----------------------------------------------------------------------------------------------------------------------------------------------------------------------------------------------------------------------+
; Analysis & Synthesis Source Files Read                                                                                                                                                                               ;
+---------------------------------------+-----------------+-------------------------------------------------------+------------------------------------------------------------------------------------------+---------+
; File Name with User-Entered Path      ; Used in Netlist ; File Type                                             ; File Name with Absolute Path                                                             ; Library ;
+---------------------------------------+-----------------+-------------------------------------------------------+------------------------------------------------------------------------------------------+---------+
; ../shifter.sv                         ; yes             ; User SystemVerilog HDL File                           ; /home/shihling/git/cpen211-labs/lab7/shifter.sv                                          ;         ;
; ../regfile.sv                         ; yes             ; User SystemVerilog HDL File                           ; /home/shihling/git/cpen211-labs/lab7/regfile.sv                                          ;         ;
; ../lab7_top.sv                        ; yes             ; User SystemVerilog HDL File                           ; /home/shihling/git/cpen211-labs/lab7/lab7_top.sv                                         ;         ;
; ../datapath.sv                        ; yes             ; User SystemVerilog HDL File                           ; /home/shihling/git/cpen211-labs/lab7/datapath.sv                                         ;         ;
; ../cpu.sv                             ; yes             ; User SystemVerilog HDL File                           ; /home/shihling/git/cpen211-labs/lab7/cpu.sv                                              ;         ;
; ../alu.sv                             ; yes             ; User SystemVerilog HDL File                           ; /home/shihling/git/cpen211-labs/lab7/alu.sv                                              ;         ;
; altsyncram.tdf                        ; yes             ; Megafunction                                          ; /home/shihling/intelFPGA_lite/20.1/quartus/libraries/megafunctions/altsyncram.tdf        ;         ;
; stratix_ram_block.inc                 ; yes             ; Megafunction                                          ; /home/shihling/intelFPGA_lite/20.1/quartus/libraries/megafunctions/stratix_ram_block.inc ;         ;
; lpm_mux.inc                           ; yes             ; Megafunction                                          ; /home/shihling/intelFPGA_lite/20.1/quartus/libraries/megafunctions/lpm_mux.inc           ;         ;
; lpm_decode.inc                        ; yes             ; Megafunction                                          ; /home/shihling/intelFPGA_lite/20.1/quartus/libraries/megafunctions/lpm_decode.inc        ;         ;
; aglobal201.inc                        ; yes             ; Megafunction                                          ; /home/shihling/intelFPGA_lite/20.1/quartus/libraries/megafunctions/aglobal201.inc        ;         ;
; a_rdenreg.inc                         ; yes             ; Megafunction                                          ; /home/shihling/intelFPGA_lite/20.1/quartus/libraries/megafunctions/a_rdenreg.inc         ;         ;
; altrom.inc                            ; yes             ; Megafunction                                          ; /home/shihling/intelFPGA_lite/20.1/quartus/libraries/megafunctions/altrom.inc            ;         ;
; altram.inc                            ; yes             ; Megafunction                                          ; /home/shihling/intelFPGA_lite/20.1/quartus/libraries/megafunctions/altram.inc            ;         ;
; altdpram.inc                          ; yes             ; Megafunction                                          ; /home/shihling/intelFPGA_lite/20.1/quartus/libraries/megafunctions/altdpram.inc          ;         ;
; db/altsyncram_adr1.tdf                ; yes             ; Auto-Generated Megafunction                           ; /home/shihling/git/cpen211-labs/lab7/quartus/db/altsyncram_adr1.tdf                      ;         ;
; db/lab7_top.ram0_RAM_435e26e7.hdl.mif ; yes             ; Auto-Generated Auto-Found Memory Initialization File  ; /home/shihling/git/cpen211-labs/lab7/quartus/db/lab7_top.ram0_RAM_435e26e7.hdl.mif       ;         ;
+---------------------------------------+-----------------+-------------------------------------------------------+------------------------------------------------------------------------------------------+---------+


+------------------------------------------------------------+
; Analysis & Synthesis Resource Usage Summary                ;
+---------------------------------------------+--------------+
; Resource                                    ; Usage        ;
+---------------------------------------------+--------------+
; Estimate of Logic utilization (ALMs needed) ; 185          ;
;                                             ;              ;
; Combinational ALUT usage for logic          ; 258          ;
;     -- 7 input functions                    ; 9            ;
;     -- 6 input functions                    ; 72           ;
;     -- 5 input functions                    ; 103          ;
;     -- 4 input functions                    ; 40           ;
;     -- <=3 input functions                  ; 34           ;
;                                             ;              ;
; Dedicated logic registers                   ; 223          ;
;                                             ;              ;
; I/O pins                                    ; 66           ;
; Total MLAB memory bits                      ; 0            ;
; Total block memory bits                     ; 4096         ;
;                                             ;              ;
; Total DSP Blocks                            ; 0            ;
;                                             ;              ;
; Maximum fan-out node                        ; KEY[0]~input ;
; Maximum fan-out                             ; 239          ;
; Total fan-out                               ; 2206         ;
; Average fan-out                             ; 3.51         ;
+---------------------------------------------+--------------+


+----------------------------------------------------------------------------------------------------------------------------------------------------------------------------------------------------------------------------------------------------------------------+
; Analysis & Synthesis Resource Utilization by Entity                                                                                                                                                                                                                  ;
+----------------------------------------------+---------------------+---------------------------+-------------------+------------+------+--------------+------------------------------------------------------------------------+----------------------+--------------+
; Compilation Hierarchy Node                   ; Combinational ALUTs ; Dedicated Logic Registers ; Block Memory Bits ; DSP Blocks ; Pins ; Virtual Pins ; Full Hierarchy Name                                                    ; Entity Name          ; Library Name ;
+----------------------------------------------+---------------------+---------------------------+-------------------+------------+------+--------------+------------------------------------------------------------------------+----------------------+--------------+
; |lab7_top                                    ; 258 (18)            ; 223 (0)                   ; 4096              ; 0          ; 66   ; 0            ; |lab7_top                                                              ; lab7_top             ; work         ;
;    |LED_controller:led_con|                  ; 4 (4)               ; 8 (0)                     ; 0                 ; 0          ; 0    ; 0            ; |lab7_top|LED_controller:led_con                                       ; LED_controller       ; work         ;
;       |vDFFE:LEDR_reg|                       ; 0 (0)               ; 8 (8)                     ; 0                 ; 0          ; 0    ; 0            ; |lab7_top|LED_controller:led_con|vDFFE:LEDR_reg                        ; vDFFE                ; work         ;
;    |RAM:MEM|                                 ; 0 (0)               ; 0 (0)                     ; 4096              ; 0          ; 0    ; 0            ; |lab7_top|RAM:MEM                                                      ; RAM                  ; work         ;
;       |altsyncram:mem_rtl_0|                 ; 0 (0)               ; 0 (0)                     ; 4096              ; 0          ; 0    ; 0            ; |lab7_top|RAM:MEM|altsyncram:mem_rtl_0                                 ; altsyncram           ; work         ;
;          |altsyncram_adr1:auto_generated|    ; 0 (0)               ; 0 (0)                     ; 4096              ; 0          ; 0    ; 0            ; |lab7_top|RAM:MEM|altsyncram:mem_rtl_0|altsyncram_adr1:auto_generated  ; altsyncram_adr1      ; work         ;
;    |cpu:CPU|                                 ; 236 (8)             ; 215 (0)                   ; 0                 ; 0          ; 0    ; 0            ; |lab7_top|cpu:CPU                                                      ; cpu                  ; work         ;
;       |data_address:data_addr_reg|           ; 0 (0)               ; 9 (0)                     ; 0                 ; 0          ; 0    ; 0            ; |lab7_top|cpu:CPU|data_address:data_addr_reg                           ; data_address         ; work         ;
;          |vDFFE:data_addr_DFF|               ; 0 (0)               ; 9 (9)                     ; 0                 ; 0          ; 0    ; 0            ; |lab7_top|cpu:CPU|data_address:data_addr_reg|vDFFE:data_addr_DFF       ; vDFFE                ; work         ;
;       |datapath:DP|                          ; 157 (36)            ; 176 (0)                   ; 0                 ; 0          ; 0    ; 0            ; |lab7_top|cpu:CPU|datapath:DP                                          ; datapath             ; work         ;
;          |ALU:alu|                           ; 64 (64)             ; 0 (0)                     ; 0                 ; 0          ; 0    ; 0            ; |lab7_top|cpu:CPU|datapath:DP|ALU:alu                                  ; ALU                  ; work         ;
;          |regfile:REGFILE|                   ; 57 (57)             ; 128 (128)                 ; 0                 ; 0          ; 0    ; 0            ; |lab7_top|cpu:CPU|datapath:DP|regfile:REGFILE                          ; regfile              ; work         ;
;          |vDFFE:ADFF|                        ; 0 (0)               ; 16 (16)                   ; 0                 ; 0          ; 0    ; 0            ; |lab7_top|cpu:CPU|datapath:DP|vDFFE:ADFF                               ; vDFFE                ; work         ;
;          |vDFFE:BDFF|                        ; 0 (0)               ; 16 (16)                   ; 0                 ; 0          ; 0    ; 0            ; |lab7_top|cpu:CPU|datapath:DP|vDFFE:BDFF                               ; vDFFE                ; work         ;
;          |vDFFE:CDFF|                        ; 0 (0)               ; 16 (16)                   ; 0                 ; 0          ; 0    ; 0            ; |lab7_top|cpu:CPU|datapath:DP|vDFFE:CDFF                               ; vDFFE                ; work         ;
;       |instruction_decoder:decode|           ; 3 (3)               ; 0 (0)                     ; 0                 ; 0          ; 0    ; 0            ; |lab7_top|cpu:CPU|instruction_decoder:decode                           ; instruction_decoder  ; work         ;
;       |instruction_register:instruction_reg| ; 0 (0)               ; 16 (0)                    ; 0                 ; 0          ; 0    ; 0            ; |lab7_top|cpu:CPU|instruction_register:instruction_reg                 ; instruction_register ; work         ;
;          |vDFFE:instr_reg|                   ; 0 (0)               ; 16 (16)                   ; 0                 ; 0          ; 0    ; 0            ; |lab7_top|cpu:CPU|instruction_register:instruction_reg|vDFFE:instr_reg ; vDFFE                ; work         ;
;       |program_counter:PC_reg|               ; 9 (9)               ; 9 (0)                     ; 0                 ; 0          ; 0    ; 0            ; |lab7_top|cpu:CPU|program_counter:PC_reg                               ; program_counter      ; work         ;
;          |vDFFE:PC_DFF|                      ; 0 (0)               ; 9 (9)                     ; 0                 ; 0          ; 0    ; 0            ; |lab7_top|cpu:CPU|program_counter:PC_reg|vDFFE:PC_DFF                  ; vDFFE                ; work         ;
;       |state_machine:controller|             ; 59 (59)             ; 5 (5)                     ; 0                 ; 0          ; 0    ; 0            ; |lab7_top|cpu:CPU|state_machine:controller                             ; state_machine        ; work         ;
+----------------------------------------------+---------------------+---------------------------+-------------------+------------+------+--------------+------------------------------------------------------------------------+----------------------+--------------+
Note: For table entries with two numbers listed, the numbers in parentheses indicate the number of resources of the given type used by the specific entity alone. The numbers listed outside of parentheses indicate the total resources of the given type used by the specific entity and all of its sub-entities in the hierarchy.


+-------------------------------------------------------------------------------------------------------------------------------------------------------------------------------------------------------------+
; Analysis & Synthesis RAM Summary                                                                                                                                                                            ;
+------------------------------------------------------------------------+------+------------------+--------------+--------------+--------------+--------------+------+---------------------------------------+
; Name                                                                   ; Type ; Mode             ; Port A Depth ; Port A Width ; Port B Depth ; Port B Width ; Size ; MIF                                   ;
+------------------------------------------------------------------------+------+------------------+--------------+--------------+--------------+--------------+------+---------------------------------------+
; RAM:MEM|altsyncram:mem_rtl_0|altsyncram_adr1:auto_generated|ALTSYNCRAM ; AUTO ; Simple Dual Port ; 256          ; 16           ; 256          ; 16           ; 4096 ; db/lab7_top.ram0_RAM_435e26e7.hdl.mif ;
+------------------------------------------------------------------------+------+------------------+--------------+--------------+--------------+--------------+------+---------------------------------------+


+------------------------------------------------------+
; General Register Statistics                          ;
+----------------------------------------------+-------+
; Statistic                                    ; Value ;
+----------------------------------------------+-------+
; Total registers                              ; 223   ;
; Number of registers using Synchronous Clear  ; 9     ;
; Number of registers using Synchronous Load   ; 0     ;
; Number of registers using Asynchronous Clear ; 0     ;
; Number of registers using Asynchronous Load  ; 0     ;
; Number of registers using Clock Enable       ; 218   ;
; Number of registers using Preset             ; 0     ;
+----------------------------------------------+-------+


+------------------------------------------------+
; Registers Packed Into Inferred Megafunctions   ;
+---------------------+-------------------+------+
; Register Name       ; Megafunction      ; Type ;
+---------------------+-------------------+------+
; RAM:MEM|dout[0..15] ; RAM:MEM|mem_rtl_0 ; RAM  ;
+---------------------+-------------------+------+


+-------------------------------------------------------------------------------------------------------------------------------------------------------------------+
; Multiplexer Restructuring Statistics (Restructuring Performed)                                                                                                    ;
+--------------------+-----------+---------------+----------------------+------------------------+------------+-----------------------------------------------------+
; Multiplexer Inputs ; Bus Width ; Baseline Area ; Area if Restructured ; Saving if Restructured ; Registered ; Example Multiplexer Output                          ;
+--------------------+-----------+---------------+----------------------+------------------------+------------+-----------------------------------------------------+
; 4:1                ; 16 bits   ; 32 LEs        ; 32 LEs               ; 0 LEs                  ; Yes        ; |lab7_top|cpu:CPU|datapath:DP|vDFFE:CDFF|out[12]    ;
; 3:1                ; 3 bits    ; 6 LEs         ; 6 LEs                ; 0 LEs                  ; No         ; |lab7_top|cpu:CPU|instruction_decoder:decode|Mux2   ;
; 4:1                ; 7 bits    ; 14 LEs        ; 14 LEs               ; 0 LEs                  ; No         ; |lab7_top|cpu:CPU|datapath:DP|Mux0                  ;
; 4:1                ; 9 bits    ; 18 LEs        ; 18 LEs               ; 0 LEs                  ; No         ; |lab7_top|cpu:CPU|datapath:DP|Mux8                  ;
; 5:1                ; 14 bits   ; 42 LEs        ; 28 LEs               ; 14 LEs                 ; No         ; |lab7_top|cpu:CPU|datapath:DP|Bin[7]                ;
; 8:1                ; 16 bits   ; 80 LEs        ; 80 LEs               ; 0 LEs                  ; No         ; |lab7_top|cpu:CPU|datapath:DP|regfile:REGFILE|Mux2  ;
; 13:1               ; 2 bits    ; 16 LEs        ; 16 LEs               ; 0 LEs                  ; No         ; |lab7_top|cpu:CPU|state_machine:controller|bsel     ;
; 14:1               ; 3 bits    ; 27 LEs        ; 27 LEs               ; 0 LEs                  ; No         ; |lab7_top|cpu:CPU|state_machine:controller|addr_sel ;
; 15:1               ; 2 bits    ; 20 LEs        ; 20 LEs               ; 0 LEs                  ; No         ; |lab7_top|cpu:CPU|state_machine:controller|vsel[1]  ;
; 18:1               ; 2 bits    ; 24 LEs        ; 24 LEs               ; 0 LEs                  ; No         ; |lab7_top|cpu:CPU|state_machine:controller|write    ;
+--------------------+-----------+---------------+----------------------+------------------------+------------+-----------------------------------------------------+


+------------------------------------------------------------------------------------+
; Source assignments for RAM:MEM|altsyncram:mem_rtl_0|altsyncram_adr1:auto_generated ;
+---------------------------------+--------------------+------+----------------------+
; Assignment                      ; Value              ; From ; To                   ;
+---------------------------------+--------------------+------+----------------------+
; OPTIMIZE_POWER_DURING_SYNTHESIS ; NORMAL_COMPILATION ; -    ; -                    ;
+---------------------------------+--------------------+------+----------------------+


+-----------------------------------------------------------------------------+
; Parameter Settings for User Entity Instance: cpu:CPU|datapath:DP|vDFFE:ADFF ;
+----------------+-------+----------------------------------------------------+
; Parameter Name ; Value ; Type                                               ;
+----------------+-------+----------------------------------------------------+
; n              ; 16    ; Signed Integer                                     ;
+----------------+-------+----------------------------------------------------+
Note: In order to hide this table in the UI and the text report file, please set the "Show Parameter Settings in Synthesis Report" option in "Analysis and Synthesis Settings -> More Settings" to "Off".


+-----------------------------------------------------------------------------+
; Parameter Settings for User Entity Instance: cpu:CPU|datapath:DP|vDFFE:BDFF ;
+----------------+-------+----------------------------------------------------+
; Parameter Name ; Value ; Type                                               ;
+----------------+-------+----------------------------------------------------+
; n              ; 16    ; Signed Integer                                     ;
+----------------+-------+----------------------------------------------------+
Note: In order to hide this table in the UI and the text report file, please set the "Show Parameter Settings in Synthesis Report" option in "Analysis and Synthesis Settings -> More Settings" to "Off".


+-----------------------------------------------------------------------------+
; Parameter Settings for User Entity Instance: cpu:CPU|datapath:DP|vDFFE:CDFF ;
+----------------+-------+----------------------------------------------------+
; Parameter Name ; Value ; Type                                               ;
+----------------+-------+----------------------------------------------------+
; n              ; 16    ; Signed Integer                                     ;
+----------------+-------+----------------------------------------------------+
Note: In order to hide this table in the UI and the text report file, please set the "Show Parameter Settings in Synthesis Report" option in "Analysis and Synthesis Settings -> More Settings" to "Off".


+----------------------------------------------------------------------------------+
; Parameter Settings for User Entity Instance: cpu:CPU|datapath:DP|vDFFE:statusDFF ;
+----------------+-------+---------------------------------------------------------+
; Parameter Name ; Value ; Type                                                    ;
+----------------+-------+---------------------------------------------------------+
; n              ; 3     ; Signed Integer                                          ;
+----------------+-------+---------------------------------------------------------+
Note: In order to hide this table in the UI and the text report file, please set the "Show Parameter Settings in Synthesis Report" option in "Analysis and Synthesis Settings -> More Settings" to "Off".


+------------------------------------------------------------------------------------------+
; Parameter Settings for User Entity Instance: cpu:CPU|program_counter:PC_reg|vDFFE:PC_DFF ;
+----------------+-------+-----------------------------------------------------------------+
; Parameter Name ; Value ; Type                                                            ;
+----------------+-------+-----------------------------------------------------------------+
; n              ; 9     ; Signed Integer                                                  ;
+----------------+-------+-----------------------------------------------------------------+
Note: In order to hide this table in the UI and the text report file, please set the "Show Parameter Settings in Synthesis Report" option in "Analysis and Synthesis Settings -> More Settings" to "Off".


+-----------------------------------------------------------------------------------------------------+
; Parameter Settings for User Entity Instance: cpu:CPU|data_address:data_addr_reg|vDFFE:data_addr_DFF ;
+----------------+-------+----------------------------------------------------------------------------+
; Parameter Name ; Value ; Type                                                                       ;
+----------------+-------+----------------------------------------------------------------------------+
; n              ; 9     ; Signed Integer                                                             ;
+----------------+-------+----------------------------------------------------------------------------+
Note: In order to hide this table in the UI and the text report file, please set the "Show Parameter Settings in Synthesis Report" option in "Analysis and Synthesis Settings -> More Settings" to "Off".


+-----------------------------------------------------------------------------------------------------------+
; Parameter Settings for User Entity Instance: cpu:CPU|instruction_register:instruction_reg|vDFFE:instr_reg ;
+----------------+-------+----------------------------------------------------------------------------------+
; Parameter Name ; Value ; Type                                                                             ;
+----------------+-------+----------------------------------------------------------------------------------+
; n              ; 16    ; Signed Integer                                                                   ;
+----------------+-------+----------------------------------------------------------------------------------+
Note: In order to hide this table in the UI and the text report file, please set the "Show Parameter Settings in Synthesis Report" option in "Analysis and Synthesis Settings -> More Settings" to "Off".


+------------------------------------------------------+
; Parameter Settings for User Entity Instance: RAM:MEM ;
+----------------+----------+--------------------------+
; Parameter Name ; Value    ; Type                     ;
+----------------+----------+--------------------------+
; data_width     ; 16       ; Signed Integer           ;
; addr_width     ; 8        ; Signed Integer           ;
; filename       ; data.txt ; String                   ;
+----------------+----------+--------------------------+
Note: In order to hide this table in the UI and the text report file, please set the "Show Parameter Settings in Synthesis Report" option in "Analysis and Synthesis Settings -> More Settings" to "Off".


+------------------------------------------------------------------------------------+
; Parameter Settings for User Entity Instance: LED_controller:led_con|vDFFE:LEDR_reg ;
+----------------+-------+-----------------------------------------------------------+
; Parameter Name ; Value ; Type                                                      ;
+----------------+-------+-----------------------------------------------------------+
; n              ; 8     ; Signed Integer                                            ;
+----------------+-------+-----------------------------------------------------------+
Note: In order to hide this table in the UI and the text report file, please set the "Show Parameter Settings in Synthesis Report" option in "Analysis and Synthesis Settings -> More Settings" to "Off".


+---------------------------------------------------------------------------------------------+
; Parameter Settings for Inferred Entity Instance: RAM:MEM|altsyncram:mem_rtl_0               ;
+------------------------------------+---------------------------------------+----------------+
; Parameter Name                     ; Value                                 ; Type           ;
+------------------------------------+---------------------------------------+----------------+
; BYTE_SIZE_BLOCK                    ; 8                                     ; Untyped        ;
; AUTO_CARRY_CHAINS                  ; ON                                    ; AUTO_CARRY     ;
; IGNORE_CARRY_BUFFERS               ; OFF                                   ; IGNORE_CARRY   ;
; AUTO_CASCADE_CHAINS                ; ON                                    ; AUTO_CASCADE   ;
; IGNORE_CASCADE_BUFFERS             ; OFF                                   ; IGNORE_CASCADE ;
; WIDTH_BYTEENA                      ; 1                                     ; Untyped        ;
; OPERATION_MODE                     ; DUAL_PORT                             ; Untyped        ;
; WIDTH_A                            ; 16                                    ; Untyped        ;
; WIDTHAD_A                          ; 8                                     ; Untyped        ;
; NUMWORDS_A                         ; 256                                   ; Untyped        ;
; OUTDATA_REG_A                      ; UNREGISTERED                          ; Untyped        ;
; ADDRESS_ACLR_A                     ; NONE                                  ; Untyped        ;
; OUTDATA_ACLR_A                     ; NONE                                  ; Untyped        ;
; WRCONTROL_ACLR_A                   ; NONE                                  ; Untyped        ;
; INDATA_ACLR_A                      ; NONE                                  ; Untyped        ;
; BYTEENA_ACLR_A                     ; NONE                                  ; Untyped        ;
; WIDTH_B                            ; 16                                    ; Untyped        ;
; WIDTHAD_B                          ; 8                                     ; Untyped        ;
; NUMWORDS_B                         ; 256                                   ; Untyped        ;
; INDATA_REG_B                       ; CLOCK1                                ; Untyped        ;
; WRCONTROL_WRADDRESS_REG_B          ; CLOCK1                                ; Untyped        ;
; RDCONTROL_REG_B                    ; CLOCK1                                ; Untyped        ;
; ADDRESS_REG_B                      ; CLOCK0                                ; Untyped        ;
; OUTDATA_REG_B                      ; UNREGISTERED                          ; Untyped        ;
; BYTEENA_REG_B                      ; CLOCK1                                ; Untyped        ;
; INDATA_ACLR_B                      ; NONE                                  ; Untyped        ;
; WRCONTROL_ACLR_B                   ; NONE                                  ; Untyped        ;
; ADDRESS_ACLR_B                     ; NONE                                  ; Untyped        ;
; OUTDATA_ACLR_B                     ; NONE                                  ; Untyped        ;
; RDCONTROL_ACLR_B                   ; NONE                                  ; Untyped        ;
; BYTEENA_ACLR_B                     ; NONE                                  ; Untyped        ;
; WIDTH_BYTEENA_A                    ; 1                                     ; Untyped        ;
; WIDTH_BYTEENA_B                    ; 1                                     ; Untyped        ;
; RAM_BLOCK_TYPE                     ; AUTO                                  ; Untyped        ;
; BYTE_SIZE                          ; 8                                     ; Untyped        ;
; READ_DURING_WRITE_MODE_MIXED_PORTS ; OLD_DATA                              ; Untyped        ;
; READ_DURING_WRITE_MODE_PORT_A      ; NEW_DATA_NO_NBE_READ                  ; Untyped        ;
; READ_DURING_WRITE_MODE_PORT_B      ; NEW_DATA_NO_NBE_READ                  ; Untyped        ;
; INIT_FILE                          ; db/lab7_top.ram0_RAM_435e26e7.hdl.mif ; Untyped        ;
; INIT_FILE_LAYOUT                   ; PORT_A                                ; Untyped        ;
; MAXIMUM_DEPTH                      ; 0                                     ; Untyped        ;
; CLOCK_ENABLE_INPUT_A               ; NORMAL                                ; Untyped        ;
; CLOCK_ENABLE_INPUT_B               ; NORMAL                                ; Untyped        ;
; CLOCK_ENABLE_OUTPUT_A              ; NORMAL                                ; Untyped        ;
; CLOCK_ENABLE_OUTPUT_B              ; NORMAL                                ; Untyped        ;
; CLOCK_ENABLE_CORE_A                ; USE_INPUT_CLKEN                       ; Untyped        ;
; CLOCK_ENABLE_CORE_B                ; USE_INPUT_CLKEN                       ; Untyped        ;
; ENABLE_ECC                         ; FALSE                                 ; Untyped        ;
; ECC_PIPELINE_STAGE_ENABLED         ; FALSE                                 ; Untyped        ;
; WIDTH_ECCSTATUS                    ; 3                                     ; Untyped        ;
; DEVICE_FAMILY                      ; Cyclone V                             ; Untyped        ;
; CBXI_PARAMETER                     ; altsyncram_adr1                       ; Untyped        ;
+------------------------------------+---------------------------------------+----------------+
Note: In order to hide this table in the UI and the text report file, please set the "Show Parameter Settings in Synthesis Report" option in "Analysis and Synthesis Settings -> More Settings" to "Off".


+--------------------------------------------------------------------------+
; altsyncram Parameter Settings by Entity Instance                         ;
+-------------------------------------------+------------------------------+
; Name                                      ; Value                        ;
+-------------------------------------------+------------------------------+
; Number of entity instances                ; 1                            ;
; Entity Instance                           ; RAM:MEM|altsyncram:mem_rtl_0 ;
;     -- OPERATION_MODE                     ; DUAL_PORT                    ;
;     -- WIDTH_A                            ; 16                           ;
;     -- NUMWORDS_A                         ; 256                          ;
;     -- OUTDATA_REG_A                      ; UNREGISTERED                 ;
;     -- WIDTH_B                            ; 16                           ;
;     -- NUMWORDS_B                         ; 256                          ;
;     -- ADDRESS_REG_B                      ; CLOCK0                       ;
;     -- OUTDATA_REG_B                      ; UNREGISTERED                 ;
;     -- RAM_BLOCK_TYPE                     ; AUTO                         ;
;     -- READ_DURING_WRITE_MODE_MIXED_PORTS ; OLD_DATA                     ;
+-------------------------------------------+------------------------------+


+-------------------------------------------------------------------------------------------------------------------------------------------------------------------------------------------------------------------+
; Port Connectivity Checks: "LED_controller:led_con"                                                                                                                                                                ;
+------------+-------+----------+-----------------------------------------------------------------------------------------------------------------------------------------------------------------------------------+
; Port       ; Type  ; Severity ; Details                                                                                                                                                                           ;
+------------+-------+----------+-----------------------------------------------------------------------------------------------------------------------------------------------------------------------------------+
; write_data ; Input ; Warning  ; Input port expression (16 bits) is wider than the input port (8 bits) it drives.  The 8 most-significant bit(s) in the expression will be dangling if they have no other fanouts. ;
+------------+-------+----------+-----------------------------------------------------------------------------------------------------------------------------------------------------------------------------------+


+-----------------------------------------------------------------------------------------------------------------+
; Port Connectivity Checks: "cpu:CPU|datapath:DP"                                                                 ;
+-------+--------+----------+-------------------------------------------------------------------------------------+
; Port  ; Type   ; Severity ; Details                                                                             ;
+-------+--------+----------+-------------------------------------------------------------------------------------+
; Z_out ; Output ; Info     ; Connected to dangling logic. Logic that only feeds a dangling port will be removed. ;
+-------+--------+----------+-------------------------------------------------------------------------------------+


+-----------------------------------------------------+
; Post-Synthesis Netlist Statistics for Top Partition ;
+-----------------------+-----------------------------+
; Type                  ; Count                       ;
+-----------------------+-----------------------------+
; arriav_ff             ; 223                         ;
;     ENA               ; 209                         ;
;     ENA SCLR          ; 9                           ;
;     plain             ; 5                           ;
; arriav_lcell_comb     ; 259                         ;
;     arith             ; 42                          ;
;         0 data inputs ; 2                           ;
;         1 data inputs ; 9                           ;
;         4 data inputs ; 2                           ;
;         5 data inputs ; 29                          ;
;     extend            ; 9                           ;
;         7 data inputs ; 9                           ;
;     normal            ; 208                         ;
;         0 data inputs ; 1                           ;
;         2 data inputs ; 4                           ;
;         3 data inputs ; 19                          ;
;         4 data inputs ; 38                          ;
;         5 data inputs ; 74                          ;
;         6 data inputs ; 72                          ;
; boundary_port         ; 66                          ;
; stratixv_ram_block    ; 16                          ;
;                       ;                             ;
; Max LUT depth         ; 6.40                        ;
; Average LUT depth     ; 3.13                        ;
+-----------------------+-----------------------------+


+-------------------------------+
; Elapsed Time Per Partition    ;
+----------------+--------------+
; Partition Name ; Elapsed Time ;
+----------------+--------------+
; Top            ; 00:00:00     ;
+----------------+--------------+


+-------------------------------+
; Analysis & Synthesis Messages ;
+-------------------------------+
Info: *******************************************************************
Info: Running Quartus Prime Analysis & Synthesis
    Info: Version 20.1.1 Build 720 11/11/2020 SJ Lite Edition
    Info: Processing started: Fri Nov 24 14:52:09 2023
Info: Command: quartus_map --read_settings_files=on --write_settings_files=off lab7_top -c lab7_top
Warning (18236): Number of processors has not been specified which may cause overloading on shared machines.  Set the global assignment NUM_PARALLEL_PROCESSORS in your QSF to an appropriate value for best performance.
Info (20030): Parallel compilation is enabled and will use 14 of the 14 processors detected
Info (12021): Found 1 design units, including 1 entities, in source file /home/shihling/git/cpen211-labs/lab7/shifter.sv
    Info (12023): Found entity 1: shifter File: /home/shihling/git/cpen211-labs/lab7/shifter.sv Line: 1
Info (12021): Found 1 design units, including 1 entities, in source file /home/shihling/git/cpen211-labs/lab7/regfile.sv
    Info (12023): Found entity 1: regfile File: /home/shihling/git/cpen211-labs/lab7/regfile.sv Line: 1
Info (12021): Found 4 design units, including 4 entities, in source file /home/shihling/git/cpen211-labs/lab7/lab7_top.sv
    Info (12023): Found entity 1: lab7_top File: /home/shihling/git/cpen211-labs/lab7/lab7_top.sv Line: 4
    Info (12023): Found entity 2: RAM File: /home/shihling/git/cpen211-labs/lab7/lab7_top.sv Line: 32
    Info (12023): Found entity 3: LED_controller File: /home/shihling/git/cpen211-labs/lab7/lab7_top.sv Line: 60
    Info (12023): Found entity 4: SW_controller File: /home/shihling/git/cpen211-labs/lab7/lab7_top.sv Line: 74
Info (12021): Found 2 design units, including 2 entities, in source file /home/shihling/git/cpen211-labs/lab7/datapath.sv
    Info (12023): Found entity 1: datapath File: /home/shihling/git/cpen211-labs/lab7/datapath.sv Line: 1
    Info (12023): Found entity 2: vDFFE File: /home/shihling/git/cpen211-labs/lab7/datapath.sv Line: 65
Info (12021): Found 6 design units, including 6 entities, in source file /home/shihling/git/cpen211-labs/lab7/cpu.sv
    Info (12023): Found entity 1: cpu File: /home/shihling/git/cpen211-labs/lab7/cpu.sv Line: 1
    Info (12023): Found entity 2: instruction_register File: /home/shihling/git/cpen211-labs/lab7/cpu.sv Line: 100
    Info (12023): Found entity 3: program_counter File: /home/shihling/git/cpen211-labs/lab7/cpu.sv Line: 108
    Info (12023): Found entity 4: data_address File: /home/shihling/git/cpen211-labs/lab7/cpu.sv Line: 117
    Info (12023): Found entity 5: instruction_decoder File: /home/shihling/git/cpen211-labs/lab7/cpu.sv Line: 125
    Info (12023): Found entity 6: state_machine File: /home/shihling/git/cpen211-labs/lab7/cpu.sv Line: 210
Info (12021): Found 1 design units, including 1 entities, in source file /home/shihling/git/cpen211-labs/lab7/alu.sv
    Info (12023): Found entity 1: ALU File: /home/shihling/git/cpen211-labs/lab7/alu.sv Line: 1
Info (12127): Elaborating entity "lab7_top" for the top level hierarchy
Warning (10034): Output port "LEDR[9..8]" at lab7_top.sv(7) has no driver File: /home/shihling/git/cpen211-labs/lab7/lab7_top.sv Line: 7
Warning (10034): Output port "HEX0" at lab7_top.sv(8) has no driver File: /home/shihling/git/cpen211-labs/lab7/lab7_top.sv Line: 8
Warning (10034): Output port "HEX1" at lab7_top.sv(8) has no driver File: /home/shihling/git/cpen211-labs/lab7/lab7_top.sv Line: 8
Warning (10034): Output port "HEX2" at lab7_top.sv(8) has no driver File: /home/shihling/git/cpen211-labs/lab7/lab7_top.sv Line: 8
Warning (10034): Output port "HEX3" at lab7_top.sv(8) has no driver File: /home/shihling/git/cpen211-labs/lab7/lab7_top.sv Line: 8
Warning (10034): Output port "HEX4" at lab7_top.sv(8) has no driver File: /home/shihling/git/cpen211-labs/lab7/lab7_top.sv Line: 8
Warning (10034): Output port "HEX5" at lab7_top.sv(8) has no driver File: /home/shihling/git/cpen211-labs/lab7/lab7_top.sv Line: 8
Info (12128): Elaborating entity "cpu" for hierarchy "cpu:CPU" File: /home/shihling/git/cpen211-labs/lab7/lab7_top.sv Line: 24
Info (12128): Elaborating entity "datapath" for hierarchy "cpu:CPU|datapath:DP" File: /home/shihling/git/cpen211-labs/lab7/cpu.sv Line: 51
Info (12128): Elaborating entity "regfile" for hierarchy "cpu:CPU|datapath:DP|regfile:REGFILE" File: /home/shihling/git/cpen211-labs/lab7/datapath.sv Line: 31
Info (12128): Elaborating entity "ALU" for hierarchy "cpu:CPU|datapath:DP|ALU:alu" File: /home/shihling/git/cpen211-labs/lab7/datapath.sv Line: 32
Info (12128): Elaborating entity "shifter" for hierarchy "cpu:CPU|datapath:DP|shifter:SHIFTER" File: /home/shihling/git/cpen211-labs/lab7/datapath.sv Line: 33
Info (12128): Elaborating entity "vDFFE" for hierarchy "cpu:CPU|datapath:DP|vDFFE:ADFF" File: /home/shihling/git/cpen211-labs/lab7/datapath.sv Line: 36
Info (12128): Elaborating entity "vDFFE" for hierarchy "cpu:CPU|datapath:DP|vDFFE:statusDFF" File: /home/shihling/git/cpen211-labs/lab7/datapath.sv Line: 42
Info (12128): Elaborating entity "program_counter" for hierarchy "cpu:CPU|program_counter:PC_reg" File: /home/shihling/git/cpen211-labs/lab7/cpu.sv Line: 56
Info (12128): Elaborating entity "vDFFE" for hierarchy "cpu:CPU|program_counter:PC_reg|vDFFE:PC_DFF" File: /home/shihling/git/cpen211-labs/lab7/cpu.sv Line: 114
Info (12128): Elaborating entity "data_address" for hierarchy "cpu:CPU|data_address:data_addr_reg" File: /home/shihling/git/cpen211-labs/lab7/cpu.sv Line: 61
Info (12128): Elaborating entity "instruction_register" for hierarchy "cpu:CPU|instruction_register:instruction_reg" File: /home/shihling/git/cpen211-labs/lab7/cpu.sv Line: 66
Info (12128): Elaborating entity "instruction_decoder" for hierarchy "cpu:CPU|instruction_decoder:decode" File: /home/shihling/git/cpen211-labs/lab7/cpu.sv Line: 77
Info (12128): Elaborating entity "state_machine" for hierarchy "cpu:CPU|state_machine:controller" File: /home/shihling/git/cpen211-labs/lab7/cpu.sv Line: 97
Info (12128): Elaborating entity "RAM" for hierarchy "RAM:MEM" File: /home/shihling/git/cpen211-labs/lab7/lab7_top.sv Line: 25
Info (12128): Elaborating entity "SW_controller" for hierarchy "SW_controller:sw_con" File: /home/shihling/git/cpen211-labs/lab7/lab7_top.sv Line: 26
Info (12128): Elaborating entity "LED_controller" for hierarchy "LED_controller:led_con" File: /home/shihling/git/cpen211-labs/lab7/lab7_top.sv Line: 27
Info (12128): Elaborating entity "vDFFE" for hierarchy "LED_controller:led_con|vDFFE:LEDR_reg" File: /home/shihling/git/cpen211-labs/lab7/lab7_top.sv Line: 71
Warning (13046): Tri-state node(s) do not directly drive top-level pin(s)
    Warning (13048): Converted tri-state node "read_data[15]" into a selector File: /home/shihling/git/cpen211-labs/lab7/datapath.sv Line: 46
    Warning (13048): Converted tri-state node "read_data[14]" into a selector File: /home/shihling/git/cpen211-labs/lab7/datapath.sv Line: 46
    Warning (13048): Converted tri-state node "read_data[13]" into a selector File: /home/shihling/git/cpen211-labs/lab7/datapath.sv Line: 46
    Warning (13048): Converted tri-state node "read_data[12]" into a selector File: /home/shihling/git/cpen211-labs/lab7/datapath.sv Line: 46
    Warning (13048): Converted tri-state node "read_data[11]" into a selector File: /home/shihling/git/cpen211-labs/lab7/datapath.sv Line: 46
    Warning (13048): Converted tri-state node "read_data[10]" into a selector File: /home/shihling/git/cpen211-labs/lab7/datapath.sv Line: 46
    Warning (13048): Converted tri-state node "read_data[9]" into a selector File: /home/shihling/git/cpen211-labs/lab7/datapath.sv Line: 46
    Warning (13048): Converted tri-state node "read_data[8]" into a selector File: /home/shihling/git/cpen211-labs/lab7/datapath.sv Line: 46
    Warning (13048): Converted tri-state node "read_data[7]" into a selector File: /home/shihling/git/cpen211-labs/lab7/datapath.sv Line: 46
    Warning (13048): Converted tri-state node "read_data[6]" into a selector File: /home/shihling/git/cpen211-labs/lab7/datapath.sv Line: 46
    Warning (13048): Converted tri-state node "read_data[5]" into a selector File: /home/shihling/git/cpen211-labs/lab7/datapath.sv Line: 46
    Warning (13048): Converted tri-state node "read_data[4]" into a selector File: /home/shihling/git/cpen211-labs/lab7/datapath.sv Line: 46
    Warning (13048): Converted tri-state node "read_data[3]" into a selector File: /home/shihling/git/cpen211-labs/lab7/datapath.sv Line: 46
    Warning (13048): Converted tri-state node "read_data[2]" into a selector File: /home/shihling/git/cpen211-labs/lab7/datapath.sv Line: 46
    Warning (13048): Converted tri-state node "read_data[1]" into a selector File: /home/shihling/git/cpen211-labs/lab7/datapath.sv Line: 46
    Warning (13048): Converted tri-state node "read_data[0]" into a selector File: /home/shihling/git/cpen211-labs/lab7/datapath.sv Line: 46
Info (19000): Inferred 1 megafunctions from design logic
    Info (276029): Inferred altsyncram megafunction from the following design logic: "RAM:MEM|mem_rtl_0" 
        Info (286033): Parameter OPERATION_MODE set to DUAL_PORT
        Info (286033): Parameter WIDTH_A set to 16
        Info (286033): Parameter WIDTHAD_A set to 8
        Info (286033): Parameter NUMWORDS_A set to 256
        Info (286033): Parameter WIDTH_B set to 16
        Info (286033): Parameter WIDTHAD_B set to 8
        Info (286033): Parameter NUMWORDS_B set to 256
        Info (286033): Parameter ADDRESS_ACLR_A set to NONE
        Info (286033): Parameter OUTDATA_REG_B set to UNREGISTERED
        Info (286033): Parameter ADDRESS_ACLR_B set to NONE
        Info (286033): Parameter OUTDATA_ACLR_B set to NONE
        Info (286033): Parameter ADDRESS_REG_B set to CLOCK0
        Info (286033): Parameter INDATA_ACLR_A set to NONE
        Info (286033): Parameter WRCONTROL_ACLR_A set to NONE
        Info (286033): Parameter INIT_FILE set to db/lab7_top.ram0_RAM_435e26e7.hdl.mif
        Info (286033): Parameter READ_DURING_WRITE_MODE_MIXED_PORTS set to OLD_DATA
Info (12130): Elaborated megafunction instantiation "RAM:MEM|altsyncram:mem_rtl_0"
Info (12133): Instantiated megafunction "RAM:MEM|altsyncram:mem_rtl_0" with the following parameter:
    Info (12134): Parameter "OPERATION_MODE" = "DUAL_PORT"
    Info (12134): Parameter "WIDTH_A" = "16"
    Info (12134): Parameter "WIDTHAD_A" = "8"
    Info (12134): Parameter "NUMWORDS_A" = "256"
    Info (12134): Parameter "WIDTH_B" = "16"
    Info (12134): Parameter "WIDTHAD_B" = "8"
    Info (12134): Parameter "NUMWORDS_B" = "256"
    Info (12134): Parameter "ADDRESS_ACLR_A" = "NONE"
    Info (12134): Parameter "OUTDATA_REG_B" = "UNREGISTERED"
    Info (12134): Parameter "ADDRESS_ACLR_B" = "NONE"
    Info (12134): Parameter "OUTDATA_ACLR_B" = "NONE"
    Info (12134): Parameter "ADDRESS_REG_B" = "CLOCK0"
    Info (12134): Parameter "INDATA_ACLR_A" = "NONE"
    Info (12134): Parameter "WRCONTROL_ACLR_A" = "NONE"
    Info (12134): Parameter "INIT_FILE" = "db/lab7_top.ram0_RAM_435e26e7.hdl.mif"
    Info (12134): Parameter "READ_DURING_WRITE_MODE_MIXED_PORTS" = "OLD_DATA"
Info (12021): Found 1 design units, including 1 entities, in source file db/altsyncram_adr1.tdf
    Info (12023): Found entity 1: altsyncram_adr1 File: /home/shihling/git/cpen211-labs/lab7/quartus/db/altsyncram_adr1.tdf Line: 28
Warning (12241): 1 hierarchies have connectivity warnings - see the Connectivity Checks report folder
Warning (13024): Output pins are stuck at VCC or GND
    Warning (13410): Pin "LEDR[8]" is stuck at GND File: /home/shihling/git/cpen211-labs/lab7/lab7_top.sv Line: 7
    Warning (13410): Pin "LEDR[9]" is stuck at GND File: /home/shihling/git/cpen211-labs/lab7/lab7_top.sv Line: 7
    Warning (13410): Pin "HEX0[0]" is stuck at GND File: /home/shihling/git/cpen211-labs/lab7/lab7_top.sv Line: 8
    Warning (13410): Pin "HEX0[1]" is stuck at GND File: /home/shihling/git/cpen211-labs/lab7/lab7_top.sv Line: 8
    Warning (13410): Pin "HEX0[2]" is stuck at GND File: /home/shihling/git/cpen211-labs/lab7/lab7_top.sv Line: 8
    Warning (13410): Pin "HEX0[3]" is stuck at GND File: /home/shihling/git/cpen211-labs/lab7/lab7_top.sv Line: 8
    Warning (13410): Pin "HEX0[4]" is stuck at GND File: /home/shihling/git/cpen211-labs/lab7/lab7_top.sv Line: 8
    Warning (13410): Pin "HEX0[5]" is stuck at GND File: /home/shihling/git/cpen211-labs/lab7/lab7_top.sv Line: 8
    Warning (13410): Pin "HEX0[6]" is stuck at GND File: /home/shihling/git/cpen211-labs/lab7/lab7_top.sv Line: 8
    Warning (13410): Pin "HEX1[0]" is stuck at GND File: /home/shihling/git/cpen211-labs/lab7/lab7_top.sv Line: 8
    Warning (13410): Pin "HEX1[1]" is stuck at GND File: /home/shihling/git/cpen211-labs/lab7/lab7_top.sv Line: 8
    Warning (13410): Pin "HEX1[2]" is stuck at GND File: /home/shihling/git/cpen211-labs/lab7/lab7_top.sv Line: 8
    Warning (13410): Pin "HEX1[3]" is stuck at GND File: /home/shihling/git/cpen211-labs/lab7/lab7_top.sv Line: 8
    Warning (13410): Pin "HEX1[4]" is stuck at GND File: /home/shihling/git/cpen211-labs/lab7/lab7_top.sv Line: 8
    Warning (13410): Pin "HEX1[5]" is stuck at GND File: /home/shihling/git/cpen211-labs/lab7/lab7_top.sv Line: 8
    Warning (13410): Pin "HEX1[6]" is stuck at GND File: /home/shihling/git/cpen211-labs/lab7/lab7_top.sv Line: 8
    Warning (13410): Pin "HEX2[0]" is stuck at GND File: /home/shihling/git/cpen211-labs/lab7/lab7_top.sv Line: 8
    Warning (13410): Pin "HEX2[1]" is stuck at GND File: /home/shihling/git/cpen211-labs/lab7/lab7_top.sv Line: 8
    Warning (13410): Pin "HEX2[2]" is stuck at GND File: /home/shihling/git/cpen211-labs/lab7/lab7_top.sv Line: 8
    Warning (13410): Pin "HEX2[3]" is stuck at GND File: /home/shihling/git/cpen211-labs/lab7/lab7_top.sv Line: 8
    Warning (13410): Pin "HEX2[4]" is stuck at GND File: /home/shihling/git/cpen211-labs/lab7/lab7_top.sv Line: 8
    Warning (13410): Pin "HEX2[5]" is stuck at GND File: /home/shihling/git/cpen211-labs/lab7/lab7_top.sv Line: 8
    Warning (13410): Pin "HEX2[6]" is stuck at GND File: /home/shihling/git/cpen211-labs/lab7/lab7_top.sv Line: 8
    Warning (13410): Pin "HEX3[0]" is stuck at GND File: /home/shihling/git/cpen211-labs/lab7/lab7_top.sv Line: 8
    Warning (13410): Pin "HEX3[1]" is stuck at GND File: /home/shihling/git/cpen211-labs/lab7/lab7_top.sv Line: 8
    Warning (13410): Pin "HEX3[2]" is stuck at GND File: /home/shihling/git/cpen211-labs/lab7/lab7_top.sv Line: 8
    Warning (13410): Pin "HEX3[3]" is stuck at GND File: /home/shihling/git/cpen211-labs/lab7/lab7_top.sv Line: 8
    Warning (13410): Pin "HEX3[4]" is stuck at GND File: /home/shihling/git/cpen211-labs/lab7/lab7_top.sv Line: 8
    Warning (13410): Pin "HEX3[5]" is stuck at GND File: /home/shihling/git/cpen211-labs/lab7/lab7_top.sv Line: 8
    Warning (13410): Pin "HEX3[6]" is stuck at GND File: /home/shihling/git/cpen211-labs/lab7/lab7_top.sv Line: 8
    Warning (13410): Pin "HEX4[0]" is stuck at GND File: /home/shihling/git/cpen211-labs/lab7/lab7_top.sv Line: 8
    Warning (13410): Pin "HEX4[1]" is stuck at GND File: /home/shihling/git/cpen211-labs/lab7/lab7_top.sv Line: 8
    Warning (13410): Pin "HEX4[2]" is stuck at GND File: /home/shihling/git/cpen211-labs/lab7/lab7_top.sv Line: 8
    Warning (13410): Pin "HEX4[3]" is stuck at GND File: /home/shihling/git/cpen211-labs/lab7/lab7_top.sv Line: 8
    Warning (13410): Pin "HEX4[4]" is stuck at GND File: /home/shihling/git/cpen211-labs/lab7/lab7_top.sv Line: 8
    Warning (13410): Pin "HEX4[5]" is stuck at GND File: /home/shihling/git/cpen211-labs/lab7/lab7_top.sv Line: 8
    Warning (13410): Pin "HEX4[6]" is stuck at GND File: /home/shihling/git/cpen211-labs/lab7/lab7_top.sv Line: 8
    Warning (13410): Pin "HEX5[0]" is stuck at GND File: /home/shihling/git/cpen211-labs/lab7/lab7_top.sv Line: 8
    Warning (13410): Pin "HEX5[1]" is stuck at GND File: /home/shihling/git/cpen211-labs/lab7/lab7_top.sv Line: 8
    Warning (13410): Pin "HEX5[2]" is stuck at GND File: /home/shihling/git/cpen211-labs/lab7/lab7_top.sv Line: 8
    Warning (13410): Pin "HEX5[3]" is stuck at GND File: /home/shihling/git/cpen211-labs/lab7/lab7_top.sv Line: 8
    Warning (13410): Pin "HEX5[4]" is stuck at GND File: /home/shihling/git/cpen211-labs/lab7/lab7_top.sv Line: 8
    Warning (13410): Pin "HEX5[5]" is stuck at GND File: /home/shihling/git/cpen211-labs/lab7/lab7_top.sv Line: 8
    Warning (13410): Pin "HEX5[6]" is stuck at GND File: /home/shihling/git/cpen211-labs/lab7/lab7_top.sv Line: 8
Info (286030): Timing-Driven Synthesis is running
Info (16010): Generating hard_block partition "hard_block:auto_generated_inst"
    Info (16011): Adding 0 node(s), including 0 DDIO, 0 PLL, 0 transceiver and 0 LCELL
Warning (21074): Design contains 4 input pin(s) that do not drive logic
    Warning (15610): No output dependent on input pin "KEY[2]" File: /home/shihling/git/cpen211-labs/lab7/lab7_top.sv Line: 5
    Warning (15610): No output dependent on input pin "KEY[3]" File: /home/shihling/git/cpen211-labs/lab7/lab7_top.sv Line: 5
    Warning (15610): No output dependent on input pin "SW[8]" File: /home/shihling/git/cpen211-labs/lab7/lab7_top.sv Line: 6
    Warning (15610): No output dependent on input pin "SW[9]" File: /home/shihling/git/cpen211-labs/lab7/lab7_top.sv Line: 6
Info (21057): Implemented 517 device resources after synthesis - the final resource count might be different
    Info (21058): Implemented 14 input pins
    Info (21059): Implemented 52 output pins
    Info (21061): Implemented 435 logic cells
    Info (21064): Implemented 16 RAM segments
Info: Quartus Prime Analysis & Synthesis was successful. 0 errors, 76 warnings
    Info: Peak virtual memory: 559 megabytes
    Info: Processing ended: Fri Nov 24 14:52:16 2023
    Info: Elapsed time: 00:00:07
    Info: Total CPU time (on all processors): 00:00:22


